<?xml version="1.0" encoding="UTF-8"?>
<!-- Generated by org.testng.reporters.JUnitXMLReporter -->
<testsuite hostname="Dhruba" ignored="0" name="Default test" tests="3" failures="0" timestamp="04 Jan 2019 21:38:04 GMT" time="34.949" errors="0">
  <testcase name="registration" time="2.191" classname="com.qa.BankOfAmerica.AccountManagement.Selenium.DataDriven"/>
  <testcase name="logIn" time="8.623" classname="com.qa.BankOfAmerica.AccountManagement.Selenium.DataDriven"/>
  <testcase name="checkDataExtraction" time="0.002" classname="com.qa.BankOfAmerica.AccountManagement.Selenium.DataDriven"/>
</testsuite> <!-- Default test -->
