<?xml version="1.0" encoding="UTF-8"?>
<!-- Generated by org.testng.reporters.JUnitXMLReporter -->
<testsuite hostname="Dhruba" ignored="19" name="Account Management" tests="6" failures="0" timestamp="04 Jan 2019 16:34:41 GMT" time="0.065" errors="0">
  <testcase name="apiEducationLoan" time="0.015" classname="com.qa.BankOfAmerica.AccountManagement.TestNG.ApiTest"/>
  <testcase name="demoTest2" time="0.002" classname="com.qa.BankOfAmerica.AccountManagement.TestNG.MethodTest"/>
  <testcase name="mobileEducationLoan" time="0.003" classname="com.qa.BankOfAmerica.AccountManagement.TestNG.MobileTest"/>
  <testcase name="personalEducationLoan" time="0.005" classname="com.qa.BankOfAmerica.AccountManagement.TestNG.PersonalTest"/>
  <testcase name="privateEducationLoan" time="0.0" classname="com.qa.BankOfAmerica.AccountManagement.TestNG.PrivateTest"/>
  <testcase name="webEducationLoan" time="0.001" classname="com.qa.BankOfAmerica.AccountManagement.TestNG.WebTest"/>
  <testcase name="test" time="0.0" classname="com.qa.BankOfAmerica.AccountManagement.TestNG.MethodTest">
    <ignored/>
  </testcase> <!-- test -->
  <testcase name="personalHomeLoan" time="0.0" classname="com.qa.BankOfAmerica.AccountManagement.TestNG.PersonalTest">
    <ignored/>
  </testcase> <!-- personalHomeLoan -->
  <testcase name="webAutoLoan" time="0.0" classname="com.qa.BankOfAmerica.AccountManagement.TestNG.WebTest">
    <ignored/>
  </testcase> <!-- webAutoLoan -->
  <testcase name="apiAutoLoan" time="0.0" classname="com.qa.BankOfAmerica.AccountManagement.TestNG.ApiTest">
    <ignored/>
  </testcase> <!-- apiAutoLoan -->
  <testcase name="demoTest3" time="0.0" classname="com.qa.BankOfAmerica.AccountManagement.TestNG.MethodTest">
    <ignored/>
  </testcase> <!-- demoTest3 -->
  <testcase name="demoTest1" time="0.0" classname="com.qa.BankOfAmerica.AccountManagement.TestNG.MethodTest">
    <ignored/>
  </testcase> <!-- demoTest1 -->
  <testcase name="mobileAutoLoan" time="0.0" classname="com.qa.BankOfAmerica.AccountManagement.TestNG.MobileTest">
    <ignored/>
  </testcase> <!-- mobileAutoLoan -->
  <testcase name="privateAutoLoan" time="0.0" classname="com.qa.BankOfAmerica.AccountManagement.TestNG.PrivateTest">
    <ignored/>
  </testcase> <!-- privateAutoLoan -->
  <testcase name="apiBusinessLoan" time="0.0" classname="com.qa.BankOfAmerica.AccountManagement.TestNG.ApiTest">
    <ignored/>
  </testcase> <!-- apiBusinessLoan -->
  <testcase name="apiHomeLoan" time="0.0" classname="com.qa.BankOfAmerica.AccountManagement.TestNG.ApiTest">
    <ignored/>
  </testcase> <!-- apiHomeLoan -->
  <testcase name="webBusinessLoan" time="0.0" classname="com.qa.BankOfAmerica.AccountManagement.TestNG.WebTest">
    <ignored/>
  </testcase> <!-- webBusinessLoan -->
  <testcase name="personalBusinessLoan" time="0.0" classname="com.qa.BankOfAmerica.AccountManagement.TestNG.PersonalTest">
    <ignored/>
  </testcase> <!-- personalBusinessLoan -->
  <testcase name="webHomeLoan" time="0.0" classname="com.qa.BankOfAmerica.AccountManagement.TestNG.WebTest">
    <ignored/>
  </testcase> <!-- webHomeLoan -->
  <testcase name="webBusinessLoan" time="0.0" classname="com.qa.BankOfAmerica.AccountManagement.TestNG.PrivateTest">
    <ignored/>
  </testcase> <!-- webBusinessLoan -->
  <testcase name="demoTest" time="0.0" classname="com.qa.BankOfAmerica.AccountManagement.TestNG.MethodTest">
    <ignored/>
  </testcase> <!-- demoTest -->
  <testcase name="personalAutoLoan" time="0.0" classname="com.qa.BankOfAmerica.AccountManagement.TestNG.PersonalTest">
    <ignored/>
  </testcase> <!-- personalAutoLoan -->
  <testcase name="webHomeLoan" time="0.0" classname="com.qa.BankOfAmerica.AccountManagement.TestNG.PrivateTest">
    <ignored/>
  </testcase> <!-- webHomeLoan -->
  <testcase name="mobileBusinessLoan" time="0.0" classname="com.qa.BankOfAmerica.AccountManagement.TestNG.MobileTest">
    <ignored/>
  </testcase> <!-- mobileBusinessLoan -->
  <testcase name="mobileHomeLoan" time="0.0" classname="com.qa.BankOfAmerica.AccountManagement.TestNG.MobileTest">
    <ignored/>
  </testcase> <!-- mobileHomeLoan -->
</testsuite> <!-- Account Management -->
