<?xml version="1.0" encoding="UTF-8"?>
<!-- Generated by org.testng.reporters.JUnitXMLReporter -->
<testsuite hostname="Dhruba" ignored="0" name="Personal Account Management" tests="4" failures="0" timestamp="04 Jan 2019 16:14:33 GMT" time="0.012" errors="0">
  <testcase name="personalAutoLoan" time="0.001" classname="com.qa.BankOfAmerica.AccountManagement.TestNG.PersonalTest"/>
  <testcase name="personalBusinessLoan" time="0.001" classname="com.qa.BankOfAmerica.AccountManagement.TestNG.PersonalTest"/>
  <testcase name="personalEducationLoan" time="0.0" classname="com.qa.BankOfAmerica.AccountManagement.TestNG.PersonalTest"/>
  <testcase name="personalHomeLoan" time="0.0" classname="com.qa.BankOfAmerica.AccountManagement.TestNG.PersonalTest"/>
</testsuite> <!-- Personal Account Management -->
