<?xml version="1.0" encoding="UTF-8"?>
<!-- Generated by org.testng.reporters.JUnitXMLReporter -->
<testsuite hostname="Dhruba" ignored="0" name="Loan Department" tests="12" failures="1" timestamp="04 Jan 2019 19:30:26 GMT" time="0.081" errors="0">
  <testcase name="mobileBusinessLoan" time="0.011" classname="com.qa.BankOfAmerica.AccountManagement.TestNG.MobileTest">
    <failure type="java.lang.AssertionError" message="expected [true] but found [false]">
      <![CDATA[java.lang.AssertionError: expected [true] but found [false]
at com.qa.BankOfAmerica.AccountManagement.TestNG.MobileTest.mobileBusinessLoan(MobileTest.java:26)
... Removed 29 stack frames]]>
    </failure>
  </testcase> <!-- mobileBusinessLoan -->
  <testcase name="mobileEducationLoan" time="0.001" classname="com.qa.BankOfAmerica.AccountManagement.TestNG.MobileTest"/>
  <testcase name="mobileAutoLoan" time="0.001" classname="com.qa.BankOfAmerica.AccountManagement.TestNG.MobileTest"/>
  <testcase name="mobileHomeLoan" time="0.0" classname="com.qa.BankOfAmerica.AccountManagement.TestNG.MobileTest">
    <skipped/>
  </testcase> <!-- mobileHomeLoan -->
  <testcase name="privateAutoLoan" time="0.001" classname="com.qa.BankOfAmerica.AccountManagement.TestNG.PrivateTest"/>
  <testcase name="privateEducationLoan" time="0.001" classname="com.qa.BankOfAmerica.AccountManagement.TestNG.PrivateTest"/>
  <testcase name="webBusinessLoan" time="0.001" classname="com.qa.BankOfAmerica.AccountManagement.TestNG.PrivateTest"/>
  <testcase name="webHomeLoan" time="0.002" classname="com.qa.BankOfAmerica.AccountManagement.TestNG.PrivateTest"/>
  <testcase name="personalAutoLoan" time="0.002" classname="com.qa.BankOfAmerica.AccountManagement.TestNG.PersonalTest"/>
  <testcase name="personalBusinessLoan" time="0.002" classname="com.qa.BankOfAmerica.AccountManagement.TestNG.PersonalTest"/>
  <testcase name="personalEducationLoan" time="0.001" classname="com.qa.BankOfAmerica.AccountManagement.TestNG.PersonalTest"/>
  <testcase name="personalHomeLoan" time="0.001" classname="com.qa.BankOfAmerica.AccountManagement.TestNG.PersonalTest"/>
</testsuite> <!-- Loan Department -->
