<?xml version="1.0" encoding="UTF-8"?>
<!-- Generated by org.testng.reporters.JUnitXMLReporter -->
<testsuite hostname="Dhruba" ignored="0" name="Test" tests="12" failures="0" timestamp="04 Jan 2019 19:01:30 GMT" time="0.081" errors="0">
  <testcase name="mobileAutoLoan" time="0.009" classname="com.qa.BankOfAmerica.AccountManagement.TestNG.MobileTest"/>
  <testcase name="mobileBusinessLoan" time="0.001" classname="com.qa.BankOfAmerica.AccountManagement.TestNG.MobileTest"/>
  <testcase name="mobileEducationLoan" time="0.003" classname="com.qa.BankOfAmerica.AccountManagement.TestNG.MobileTest"/>
  <testcase name="mobileHomeLoan" time="0.002" classname="com.qa.BankOfAmerica.AccountManagement.TestNG.MobileTest"/>
  <testcase name="privateAutoLoan" time="0.001" classname="com.qa.BankOfAmerica.AccountManagement.TestNG.PrivateTest"/>
  <testcase name="privateEducationLoan" time="0.002" classname="com.qa.BankOfAmerica.AccountManagement.TestNG.PrivateTest"/>
  <testcase name="webBusinessLoan" time="0.002" classname="com.qa.BankOfAmerica.AccountManagement.TestNG.PrivateTest"/>
  <testcase name="webHomeLoan" time="0.001" classname="com.qa.BankOfAmerica.AccountManagement.TestNG.PrivateTest"/>
  <testcase name="personalAutoLoan" time="0.002" classname="com.qa.BankOfAmerica.AccountManagement.TestNG.PersonalTest"/>
  <testcase name="personalBusinessLoan" time="0.002" classname="com.qa.BankOfAmerica.AccountManagement.TestNG.PersonalTest"/>
  <testcase name="personalEducationLoan" time="0.001" classname="com.qa.BankOfAmerica.AccountManagement.TestNG.PersonalTest"/>
  <testcase name="personalHomeLoan" time="0.001" classname="com.qa.BankOfAmerica.AccountManagement.TestNG.PersonalTest"/>
</testsuite> <!-- Test -->
