<?xml version="1.0" encoding="UTF-8"?>
<!-- Generated by org.testng.reporters.JUnitXMLReporter -->
<testsuite hostname="Dhruba" ignored="0" name="bank Loan" tests="4" failures="0" timestamp="04 Jan 2019 18:25:06 GMT" time="0.021" errors="0">
  <testcase name="paraAutoLoan" time="0.003" classname="com.qa.BankOfAmerica.AccountManagement.TestNG.ParameterizationTest"/>
  <testcase name="paraBusinessLoan" time="0.001" classname="com.qa.BankOfAmerica.AccountManagement.TestNG.ParameterizationTest"/>
  <testcase name="paraEducationLoan" time="0.003" classname="com.qa.BankOfAmerica.AccountManagement.TestNG.ParameterizationTest"/>
  <testcase name="paraHomeLoan" time="0.001" classname="com.qa.BankOfAmerica.AccountManagement.TestNG.ParameterizationTest"/>
</testsuite> <!-- bank Loan -->
