<?xml version="1.0" encoding="UTF-8"?>
<!-- Generated by org.testng.reporters.JUnitXMLReporter -->
<testsuite hostname="Dhruba" ignored="0" name="Loan Test" tests="5" failures="0" timestamp="04 Jan 2019 18:25:05 GMT" time="0.061" errors="0">
  <testcase name="demoTest" time="0.009" classname="com.qa.BankOfAmerica.AccountManagement.TestNG.MethodTest"/>
  <testcase name="demoTest1" time="0.002" classname="com.qa.BankOfAmerica.AccountManagement.TestNG.MethodTest"/>
  <testcase name="demoTest2" time="0.001" classname="com.qa.BankOfAmerica.AccountManagement.TestNG.MethodTest"/>
  <testcase name="demoTest3" time="0.003" classname="com.qa.BankOfAmerica.AccountManagement.TestNG.MethodTest"/>
  <testcase name="test" time="0.002" classname="com.qa.BankOfAmerica.AccountManagement.TestNG.MethodTest"/>
</testsuite> <!-- Loan Test -->
