<?xml version="1.0" encoding="UTF-8"?>
<testng-results skipped="0" failed="0" ignored="0" total="3" passed="3">
  <reporter-output>
  </reporter-output>
  <suite name="Default suite" duration-ms="34949" started-at="2019-01-04T21:37:29Z" finished-at="2019-01-04T21:38:04Z">
    <groups>
    </groups>
    <test name="Default test" duration-ms="34949" started-at="2019-01-04T21:37:29Z" finished-at="2019-01-04T21:38:04Z">
      <class name="com.qa.BankOfAmerica.AccountManagement.Selenium.DataDriven">
        <test-method status="PASS" signature="setUp()[pri:0, instance:com.qa.BankOfAmerica.AccountManagement.Selenium.DataDriven@6f7fd0e6]" name="setUp" is-config="true" duration-ms="6642" started-at="2019-01-04T21:37:29Z" finished-at="2019-01-04T21:37:36Z">
          <reporter-output>
          </reporter-output>
        </test-method> <!-- setUp -->
        <test-method status="PASS" signature="registration()[pri:0, instance:com.qa.BankOfAmerica.AccountManagement.Selenium.DataDriven@6f7fd0e6]" name="registration" duration-ms="2191" started-at="2019-01-04T21:37:36Z" finished-at="2019-01-04T21:37:38Z">
          <reporter-output>
          </reporter-output>
        </test-method> <!-- registration -->
        <test-method status="PASS" signature="teardown()[pri:0, instance:com.qa.BankOfAmerica.AccountManagement.Selenium.DataDriven@6f7fd0e6]" name="teardown" is-config="true" duration-ms="2132" started-at="2019-01-04T21:37:38Z" finished-at="2019-01-04T21:37:40Z">
          <reporter-output>
          </reporter-output>
        </test-method> <!-- teardown -->
        <test-method status="PASS" signature="setUp()[pri:0, instance:com.qa.BankOfAmerica.AccountManagement.Selenium.DataDriven@6f7fd0e6]" name="setUp" is-config="true" duration-ms="5427" started-at="2019-01-04T21:37:40Z" finished-at="2019-01-04T21:37:46Z">
          <reporter-output>
          </reporter-output>
        </test-method> <!-- setUp -->
        <test-method status="PASS" signature="logIn()[pri:1, instance:com.qa.BankOfAmerica.AccountManagement.Selenium.DataDriven@6f7fd0e6]" name="logIn" duration-ms="8623" started-at="2019-01-04T21:37:46Z" finished-at="2019-01-04T21:37:54Z">
          <reporter-output>
          </reporter-output>
        </test-method> <!-- logIn -->
        <test-method status="PASS" signature="teardown()[pri:0, instance:com.qa.BankOfAmerica.AccountManagement.Selenium.DataDriven@6f7fd0e6]" name="teardown" is-config="true" duration-ms="2203" started-at="2019-01-04T21:37:54Z" finished-at="2019-01-04T21:37:56Z">
          <reporter-output>
          </reporter-output>
        </test-method> <!-- teardown -->
        <test-method status="PASS" signature="setUp()[pri:0, instance:com.qa.BankOfAmerica.AccountManagement.Selenium.DataDriven@6f7fd0e6]" name="setUp" is-config="true" duration-ms="5516" started-at="2019-01-04T21:37:56Z" finished-at="2019-01-04T21:38:02Z">
          <reporter-output>
          </reporter-output>
        </test-method> <!-- setUp -->
        <test-method status="PASS" signature="checkDataExtraction()[pri:2, instance:com.qa.BankOfAmerica.AccountManagement.Selenium.DataDriven@6f7fd0e6]" name="checkDataExtraction" duration-ms="2" started-at="2019-01-04T21:38:02Z" finished-at="2019-01-04T21:38:02Z">
          <reporter-output>
          </reporter-output>
        </test-method> <!-- checkDataExtraction -->
        <test-method status="PASS" signature="teardown()[pri:0, instance:com.qa.BankOfAmerica.AccountManagement.Selenium.DataDriven@6f7fd0e6]" name="teardown" is-config="true" duration-ms="2176" started-at="2019-01-04T21:38:02Z" finished-at="2019-01-04T21:38:04Z">
          <reporter-output>
          </reporter-output>
        </test-method> <!-- teardown -->
      </class> <!-- com.qa.BankOfAmerica.AccountManagement.Selenium.DataDriven -->
    </test> <!-- Default test -->
  </suite> <!-- Default suite -->
</testng-results>
